2025-11-13 21:54:57,629 INFO o.a.j.u.JMeterUtils: Setting Locale to en_EN
2025-11-13 21:54:57,644 INFO o.a.j.JMeter: Loading user properties from: C:\Tools\apache-jmeter-5.6.3\bin\user.properties
2025-11-13 21:54:57,644 INFO o.a.j.JMeter: Loading system properties from: C:\Tools\apache-jmeter-5.6.3\bin\system.properties
2025-11-13 21:54:57,644 INFO o.a.j.JMeter: Loading additional properties from: backend/tests/jmeter/props/local.properties
2025-11-13 21:54:57,654 INFO o.a.j.JMeter: Copyright (c) 1998-2024 The Apache Software Foundation
2025-11-13 21:54:57,654 INFO o.a.j.JMeter: Version 5.6.3
2025-11-13 21:54:57,654 INFO o.a.j.JMeter: java.version=24.0.2
2025-11-13 21:54:57,654 INFO o.a.j.JMeter: java.vm.name=Java HotSpot(TM) 64-Bit Server VM
2025-11-13 21:54:57,656 INFO o.a.j.JMeter: os.name=Windows 11
2025-11-13 21:54:57,656 INFO o.a.j.JMeter: os.arch=amd64
2025-11-13 21:54:57,656 INFO o.a.j.JMeter: os.version=10.0
2025-11-13 21:54:57,656 INFO o.a.j.JMeter: file.encoding=UTF-8
2025-11-13 21:54:57,656 INFO o.a.j.JMeter: java.awt.headless=true
2025-11-13 21:54:57,656 INFO o.a.j.JMeter: Max memory     =1073741824
2025-11-13 21:54:57,656 INFO o.a.j.JMeter: Available Processors =12
2025-11-13 21:54:57,667 INFO o.a.j.JMeter: Default Locale=English (EN)
2025-11-13 21:54:57,668 INFO o.a.j.JMeter: JMeter  Locale=English (EN)
2025-11-13 21:54:57,668 INFO o.a.j.JMeter: JMeterHome=C:\Tools\apache-jmeter-5.6.3
2025-11-13 21:54:57,668 INFO o.a.j.JMeter: user.dir  =C:\Users\labunivas\Desktop\Esse\teste-software-univas
2025-11-13 21:54:57,668 INFO o.a.j.JMeter: PWD       =C:\Users\labunivas\Desktop\Esse\teste-software-univas
2025-11-13 21:54:57,673 INFO o.a.j.JMeter: IP: 192.168.190.236 Name: UNI-LABF-7432 FullName: UNI-LABF-7432.fuvs.br
2025-11-13 21:54:57,681 INFO o.a.j.JMeter: Setting property 'jmeter.reportgenerator.outputdir' to:'C:\Users\labunivas\Desktop\Esse\teste-software-univas\backend\tests\jmeter\reports\smoke'
2025-11-13 21:54:57,683 INFO o.a.j.s.FileServer: Default base='C:\Users\labunivas\Desktop\Esse\teste-software-univas'
2025-11-13 21:54:57,684 INFO o.a.j.s.FileServer: Set new base='C:\Users\labunivas\Desktop\Esse\teste-software-univas\backend\tests\jmeter\plans'
2025-11-13 21:54:57,985 INFO o.a.j.s.SaveService: Testplan (JMX) version: 2.2. Testlog (JTL) version: 2.2
2025-11-13 21:54:58,020 INFO o.a.j.s.SaveService: Using SaveService properties version 5.0
2025-11-13 21:54:58,024 INFO o.a.j.s.SaveService: Using SaveService properties file encoding UTF-8
2025-11-13 21:54:58,026 INFO o.a.j.s.SaveService: Loading file: backend\tests\jmeter\plans\smoke.jmx
2025-11-13 21:54:58,075 INFO o.a.j.p.h.s.HTTPSamplerBase: Parser for text/html is org.apache.jmeter.protocol.http.parser.LagartoBasedHtmlParser
2025-11-13 21:54:58,075 INFO o.a.j.p.h.s.HTTPSamplerBase: Parser for application/xhtml+xml is org.apache.jmeter.protocol.http.parser.LagartoBasedHtmlParser
2025-11-13 21:54:58,075 INFO o.a.j.p.h.s.HTTPSamplerBase: Parser for application/xml is org.apache.jmeter.protocol.http.parser.LagartoBasedHtmlParser
2025-11-13 21:54:58,075 INFO o.a.j.p.h.s.HTTPSamplerBase: Parser for text/xml is org.apache.jmeter.protocol.http.parser.LagartoBasedHtmlParser
2025-11-13 21:54:58,075 INFO o.a.j.p.h.s.HTTPSamplerBase: Parser for text/vnd.wap.wml is org.apache.jmeter.protocol.http.parser.RegexpHTMLParser
2025-11-13 21:54:58,075 INFO o.a.j.p.h.s.HTTPSamplerBase: Parser for text/css is org.apache.jmeter.protocol.http.parser.CssParser
2025-11-13 21:54:58,100 INFO o.a.j.JMeter: Creating summariser <summary>
2025-11-13 21:54:58,102 INFO o.a.j.r.d.ReportGenerator: ReportGenerator will use for Parsing the separator: ','
2025-11-13 21:54:58,103 INFO o.a.j.r.d.ReportGenerator: Will generate report at end of test from  results file: backend/tests/jmeter/results/smoke.jtl
2025-11-13 21:54:58,103 INFO o.a.j.r.d.ReportGenerator: Reading report generator properties from: C:\Tools\apache-jmeter-5.6.3\bin\reportgenerator.properties
2025-11-13 21:54:58,103 INFO o.a.j.r.d.ReportGenerator: Merging with JMeter properties
2025-11-13 21:54:58,108 INFO o.a.j.r.c.ReportGeneratorConfiguration: Property 'jmeter.reportgenerator.temp_dir' not found, using default value 'temp' instead.
2025-11-13 21:54:58,110 INFO o.a.j.r.c.ReportGeneratorConfiguration: Property 'jmeter.reportgenerator.apdex_per_transaction' not found, using default value 'null' instead.
2025-11-13 21:54:58,110 INFO o.a.j.r.c.ReportGeneratorConfiguration: apdex_per_transaction is empty, not APDEX per transaction customization
2025-11-13 21:54:58,110 INFO o.a.j.r.c.ReportGeneratorConfiguration: Property 'jmeter.reportgenerator.sample_filter' not found, using default value 'null' instead.
2025-11-13 21:54:58,111 INFO o.a.j.r.c.ReportGeneratorConfiguration: Property 'jmeter.reportgenerator.report_title' not found, using default value 'null' instead.
2025-11-13 21:54:58,111 INFO o.a.j.r.c.ReportGeneratorConfiguration: Property 'jmeter.reportgenerator.start_date' not found, using default value 'null' instead.
2025-11-13 21:54:58,111 INFO o.a.j.r.c.ReportGeneratorConfiguration: Property 'jmeter.reportgenerator.end_date' not found, using default value 'null' instead.
2025-11-13 21:54:58,111 INFO o.a.j.r.c.ReportGeneratorConfiguration: Property 'jmeter.reportgenerator.date_format' not found, using default value 'null' instead.
2025-11-13 21:54:58,111 INFO o.a.j.r.c.ReportGeneratorConfiguration: Will use date range start date: null, end date: null
2025-11-13 21:54:58,115 INFO o.a.j.r.c.ReportGeneratorConfiguration: Property 'jmeter.reportgenerator.graph.totalTPS.exclude_controllers' not found, using default value 'false' instead.
2025-11-13 21:54:58,115 INFO o.a.j.r.c.ReportGeneratorConfiguration: Property 'jmeter.reportgenerator.graph.activeThreadsOverTime.exclude_controllers' not found, using default value 'false' instead.
2025-11-13 21:54:58,115 INFO o.a.j.r.c.ReportGeneratorConfiguration: Property 'jmeter.reportgenerator.graph.timeVsThreads.exclude_controllers' not found, using default value 'false' instead.
2025-11-13 21:54:58,115 INFO o.a.j.r.c.ReportGeneratorConfiguration: Property 'jmeter.reportgenerator.graph.responseTimeDistribution.exclude_controllers' not found, using default value 'false' instead.
2025-11-13 21:54:58,116 INFO o.a.j.r.c.ReportGeneratorConfiguration: Property 'jmeter.reportgenerator.graph.transactionsPerSecond.exclude_controllers' not found, using default value 'false' instead.
2025-11-13 21:54:58,116 INFO o.a.j.r.c.ReportGeneratorConfiguration: Property 'jmeter.reportgenerator.graph.responseTimePercentiles.exclude_controllers' not found, using default value 'false' instead.
2025-11-13 21:54:58,116 INFO o.a.j.r.c.ReportGeneratorConfiguration: Property 'jmeter.reportgenerator.graph.responseTimePercentilesOverTime.exclude_controllers' not found, using default value 'false' instead.
2025-11-13 21:54:58,116 INFO o.a.j.r.c.ReportGeneratorConfiguration: Property 'jmeter.reportgenerator.graph.responseTimesOverTime.exclude_controllers' not found, using default value 'false' instead.
2025-11-13 21:54:58,116 INFO o.a.j.r.c.ReportGeneratorConfiguration: Property 'jmeter.reportgenerator.graph.connectTimeOverTime.exclude_controllers' not found, using default value 'false' instead.
2025-11-13 21:54:58,116 INFO o.a.j.r.c.ReportGeneratorConfiguration: Property 'jmeter.reportgenerator.graph.latenciesOverTime.exclude_controllers' not found, using default value 'false' instead.
2025-11-13 21:54:58,116 INFO o.a.j.r.c.ReportGeneratorConfiguration: Property 'jmeter.reportgenerator.exporter.json.filters_only_sample_series' not found, using default value 'true' instead.
2025-11-13 21:54:58,116 INFO o.a.j.r.c.ReportGeneratorConfiguration: Property 'jmeter.reportgenerator.exporter.json.series_filter' not found, using default value '' instead.
2025-11-13 21:54:58,116 INFO o.a.j.r.c.ReportGeneratorConfiguration: Property 'jmeter.reportgenerator.exporter.json.show_controllers_only' not found, using default value 'false' instead.
2025-11-13 21:54:58,116 INFO o.a.j.r.c.ReportGeneratorConfiguration: Property 'jmeter.reportgenerator.exporter.html.filters_only_sample_series' not found, using default value 'true' instead.
2025-11-13 21:54:58,117 INFO o.a.j.r.c.ReportGeneratorConfiguration: Property 'jmeter.reportgenerator.exporter.html.series_filter' not found, using default value '' instead.
2025-11-13 21:54:58,117 INFO o.a.j.r.c.ReportGeneratorConfiguration: Property 'jmeter.reportgenerator.exporter.html.show_controllers_only' not found, using default value 'false' instead.
2025-11-13 21:54:58,142 INFO o.a.j.e.StandardJMeterEngine: Running the test!
2025-11-13 21:54:58,142 INFO o.a.j.s.SampleEvent: List of sample_variables: []
2025-11-13 21:54:58,142 INFO o.a.j.s.SampleEvent: List of sample_variables: []
2025-11-13 21:54:58,154 INFO o.a.j.e.u.CompoundVariable: Note: Function class names must contain the string: '.functions.'
2025-11-13 21:54:58,154 INFO o.a.j.e.u.CompoundVariable: Note: Function class names must not contain the string: '.gui.'
2025-11-13 21:54:58,232 INFO o.a.j.JMeter: Running test (1763081698232)
2025-11-13 21:54:58,253 INFO o.a.j.e.StandardJMeterEngine: Starting ThreadGroup: 1 : API
2025-11-13 21:54:58,254 INFO o.a.j.e.StandardJMeterEngine: Starting 100 threads for group API.
2025-11-13 21:54:58,254 INFO o.a.j.e.StandardJMeterEngine: Thread will continue on error
2025-11-13 21:54:58,254 INFO o.a.j.t.ThreadGroup: Starting thread group... number=1 threads=100 ramp-up=10 delayedStart=false
2025-11-13 21:54:58,266 INFO o.a.j.t.JMeterThread: Thread started: API 1-1
2025-11-13 21:54:58,292 INFO o.a.j.p.h.s.HTTPHCAbstractImpl: Local host = UNI-LABF-7432
2025-11-13 21:54:58,299 INFO o.a.j.t.ThreadGroup: Started thread group number 1
2025-11-13 21:54:58,299 INFO o.a.j.e.StandardJMeterEngine: All thread groups have been started
2025-11-13 21:54:58,308 INFO o.a.j.p.h.s.HTTPHC4Impl: HTTP request retry count = 0
2025-11-13 21:54:58,310 INFO o.a.j.s.SampleResult: Note: Sample TimeStamps are START times
2025-11-13 21:54:58,310 INFO o.a.j.s.SampleResult: sampleresult.default.encoding is set to UTF-8
2025-11-13 21:54:58,310 INFO o.a.j.s.SampleResult: sampleresult.useNanoTime=true
2025-11-13 21:54:58,310 INFO o.a.j.s.SampleResult: sampleresult.nanoThreadSleep=5000
2025-11-13 21:54:58,361 INFO o.a.j.t.JMeterThread: Thread started: API 1-2
2025-11-13 21:54:58,461 INFO o.a.j.t.JMeterThread: Thread started: API 1-3
2025-11-13 21:54:58,497 INFO o.a.j.t.JMeterThread: Thread is done: API 1-2
2025-11-13 21:54:58,497 INFO o.a.j.t.JMeterThread: Thread is done: API 1-1
2025-11-13 21:54:58,497 INFO o.a.j.t.JMeterThread: Thread is done: API 1-3
2025-11-13 21:54:58,497 INFO o.a.j.t.JMeterThread: Thread finished: API 1-2
2025-11-13 21:54:58,497 INFO o.a.j.t.JMeterThread: Thread finished: API 1-1
2025-11-13 21:54:58,497 INFO o.a.j.t.JMeterThread: Thread finished: API 1-3
2025-11-13 21:54:58,561 INFO o.a.j.t.JMeterThread: Thread started: API 1-4
2025-11-13 21:54:58,570 INFO o.a.j.t.JMeterThread: Thread is done: API 1-4
2025-11-13 21:54:58,570 INFO o.a.j.t.JMeterThread: Thread finished: API 1-4
2025-11-13 21:54:58,660 INFO o.a.j.t.JMeterThread: Thread started: API 1-5
2025-11-13 21:54:58,673 INFO o.a.j.t.JMeterThread: Thread is done: API 1-5
2025-11-13 21:54:58,673 INFO o.a.j.t.JMeterThread: Thread finished: API 1-5
2025-11-13 21:54:58,761 INFO o.a.j.t.JMeterThread: Thread started: API 1-6
2025-11-13 21:54:58,768 INFO o.a.j.t.JMeterThread: Thread is done: API 1-6
2025-11-13 21:54:58,769 INFO o.a.j.t.JMeterThread: Thread finished: API 1-6
2025-11-13 21:54:58,859 INFO o.a.j.t.JMeterThread: Thread started: API 1-7
2025-11-13 21:54:58,870 INFO o.a.j.t.JMeterThread: Thread is done: API 1-7
2025-11-13 21:54:58,871 INFO o.a.j.t.JMeterThread: Thread finished: API 1-7
2025-11-13 21:54:58,958 INFO o.a.j.t.JMeterThread: Thread started: API 1-8
2025-11-13 21:54:58,969 INFO o.a.j.t.JMeterThread: Thread is done: API 1-8
2025-11-13 21:54:58,969 INFO o.a.j.t.JMeterThread: Thread finished: API 1-8
2025-11-13 21:54:59,058 INFO o.a.j.t.JMeterThread: Thread started: API 1-9
2025-11-13 21:54:59,072 INFO o.a.j.t.JMeterThread: Thread is done: API 1-9
2025-11-13 21:54:59,072 INFO o.a.j.t.JMeterThread: Thread finished: API 1-9
2025-11-13 21:54:59,158 INFO o.a.j.t.JMeterThread: Thread started: API 1-10
2025-11-13 21:54:59,176 INFO o.a.j.t.JMeterThread: Thread is done: API 1-10
2025-11-13 21:54:59,176 INFO o.a.j.t.JMeterThread: Thread finished: API 1-10
2025-11-13 21:54:59,257 INFO o.a.j.t.JMeterThread: Thread started: API 1-11
2025-11-13 21:54:59,268 INFO o.a.j.t.JMeterThread: Thread is done: API 1-11
2025-11-13 21:54:59,268 INFO o.a.j.t.JMeterThread: Thread finished: API 1-11
2025-11-13 21:54:59,355 INFO o.a.j.t.JMeterThread: Thread started: API 1-12
2025-11-13 21:54:59,365 INFO o.a.j.t.JMeterThread: Thread is done: API 1-12
2025-11-13 21:54:59,366 INFO o.a.j.t.JMeterThread: Thread finished: API 1-12
2025-11-13 21:54:59,456 INFO o.a.j.t.JMeterThread: Thread started: API 1-13
2025-11-13 21:54:59,468 INFO o.a.j.t.JMeterThread: Thread is done: API 1-13
2025-11-13 21:54:59,468 INFO o.a.j.t.JMeterThread: Thread finished: API 1-13
2025-11-13 21:54:59,555 INFO o.a.j.t.JMeterThread: Thread started: API 1-14
2025-11-13 21:54:59,567 INFO o.a.j.t.JMeterThread: Thread is done: API 1-14
2025-11-13 21:54:59,567 INFO o.a.j.t.JMeterThread: Thread finished: API 1-14
2025-11-13 21:54:59,656 INFO o.a.j.t.JMeterThread: Thread started: API 1-15
2025-11-13 21:54:59,667 INFO o.a.j.t.JMeterThread: Thread is done: API 1-15
2025-11-13 21:54:59,667 INFO o.a.j.t.JMeterThread: Thread finished: API 1-15
2025-11-13 21:54:59,757 INFO o.a.j.t.JMeterThread: Thread started: API 1-16
2025-11-13 21:54:59,768 INFO o.a.j.t.JMeterThread: Thread is done: API 1-16
2025-11-13 21:54:59,768 INFO o.a.j.t.JMeterThread: Thread finished: API 1-16
2025-11-13 21:54:59,856 INFO o.a.j.t.JMeterThread: Thread started: API 1-17
2025-11-13 21:54:59,867 INFO o.a.j.t.JMeterThread: Thread is done: API 1-17
2025-11-13 21:54:59,868 INFO o.a.j.t.JMeterThread: Thread finished: API 1-17
2025-11-13 21:54:59,955 INFO o.a.j.t.JMeterThread: Thread started: API 1-18
2025-11-13 21:54:59,969 INFO o.a.j.t.JMeterThread: Thread is done: API 1-18
2025-11-13 21:54:59,969 INFO o.a.j.t.JMeterThread: Thread finished: API 1-18
2025-11-13 21:55:00,055 INFO o.a.j.t.JMeterThread: Thread started: API 1-19
2025-11-13 21:55:00,068 INFO o.a.j.r.Summariser: summary +     19 in 00:00:02 =   10.4/s Avg:    12 Min:     5 Max:    54 Err:     0 (0.00%) Active: 1 Started: 19 Finished: 18
2025-11-13 21:55:00,068 INFO o.a.j.t.JMeterThread: Thread is done: API 1-19
2025-11-13 21:55:00,069 INFO o.a.j.t.JMeterThread: Thread finished: API 1-19
2025-11-13 21:55:00,156 INFO o.a.j.t.JMeterThread: Thread started: API 1-20
2025-11-13 21:55:00,163 INFO o.a.j.t.JMeterThread: Thread is done: API 1-20
2025-11-13 21:55:00,164 INFO o.a.j.t.JMeterThread: Thread finished: API 1-20
2025-11-13 21:55:00,255 INFO o.a.j.t.JMeterThread: Thread started: API 1-21
2025-11-13 21:55:00,264 INFO o.a.j.t.JMeterThread: Thread is done: API 1-21
2025-11-13 21:55:00,264 INFO o.a.j.t.JMeterThread: Thread finished: API 1-21
2025-11-13 21:55:00,355 INFO o.a.j.t.JMeterThread: Thread started: API 1-22
2025-11-13 21:55:00,365 INFO o.a.j.t.JMeterThread: Thread is done: API 1-22
2025-11-13 21:55:00,365 INFO o.a.j.t.JMeterThread: Thread finished: API 1-22
2025-11-13 21:55:00,455 INFO o.a.j.t.JMeterThread: Thread started: API 1-23
2025-11-13 21:55:00,460 INFO o.a.j.t.JMeterThread: Thread is done: API 1-23
2025-11-13 21:55:00,460 INFO o.a.j.t.JMeterThread: Thread finished: API 1-23
2025-11-13 21:55:00,555 INFO o.a.j.t.JMeterThread: Thread started: API 1-24
2025-11-13 21:55:00,562 INFO o.a.j.t.JMeterThread: Thread is done: API 1-24
2025-11-13 21:55:00,562 INFO o.a.j.t.JMeterThread: Thread finished: API 1-24
2025-11-13 21:55:00,655 INFO o.a.j.t.JMeterThread: Thread started: API 1-25
2025-11-13 21:55:00,663 INFO o.a.j.t.JMeterThread: Thread is done: API 1-25
2025-11-13 21:55:00,663 INFO o.a.j.t.JMeterThread: Thread finished: API 1-25
2025-11-13 21:55:00,756 INFO o.a.j.t.JMeterThread: Thread started: API 1-26
2025-11-13 21:55:00,766 INFO o.a.j.t.JMeterThread: Thread is done: API 1-26
2025-11-13 21:55:00,766 INFO o.a.j.t.JMeterThread: Thread finished: API 1-26
2025-11-13 21:55:00,855 INFO o.a.j.t.JMeterThread: Thread started: API 1-27
2025-11-13 21:55:00,868 INFO o.a.j.t.JMeterThread: Thread is done: API 1-27
2025-11-13 21:55:00,868 INFO o.a.j.t.JMeterThread: Thread finished: API 1-27
2025-11-13 21:55:00,957 INFO o.a.j.t.JMeterThread: Thread started: API 1-28
2025-11-13 21:55:00,969 INFO o.a.j.t.JMeterThread: Thread is done: API 1-28
2025-11-13 21:55:00,970 INFO o.a.j.t.JMeterThread: Thread finished: API 1-28
2025-11-13 21:55:01,055 INFO o.a.j.t.JMeterThread: Thread started: API 1-29
2025-11-13 21:55:01,067 INFO o.a.j.t.JMeterThread: Thread is done: API 1-29
2025-11-13 21:55:01,068 INFO o.a.j.t.JMeterThread: Thread finished: API 1-29
2025-11-13 21:55:01,157 INFO o.a.j.t.JMeterThread: Thread started: API 1-30
2025-11-13 21:55:01,172 INFO o.a.j.t.JMeterThread: Thread is done: API 1-30
2025-11-13 21:55:01,172 INFO o.a.j.t.JMeterThread: Thread finished: API 1-30
2025-11-13 21:55:01,257 INFO o.a.j.t.JMeterThread: Thread started: API 1-31
2025-11-13 21:55:01,269 INFO o.a.j.t.JMeterThread: Thread is done: API 1-31
2025-11-13 21:55:01,270 INFO o.a.j.t.JMeterThread: Thread finished: API 1-31
2025-11-13 21:55:01,357 INFO o.a.j.t.JMeterThread: Thread started: API 1-32
2025-11-13 21:55:01,369 INFO o.a.j.t.JMeterThread: Thread is done: API 1-32
2025-11-13 21:55:01,369 INFO o.a.j.t.JMeterThread: Thread finished: API 1-32
2025-11-13 21:55:01,456 INFO o.a.j.t.JMeterThread: Thread started: API 1-33
2025-11-13 21:55:01,468 INFO o.a.j.t.JMeterThread: Thread is done: API 1-33
2025-11-13 21:55:01,469 INFO o.a.j.t.JMeterThread: Thread finished: API 1-33
2025-11-13 21:55:01,555 INFO o.a.j.t.JMeterThread: Thread started: API 1-34
2025-11-13 21:55:01,564 INFO o.a.j.t.JMeterThread: Thread is done: API 1-34
2025-11-13 21:55:01,564 INFO o.a.j.t.JMeterThread: Thread finished: API 1-34
2025-11-13 21:55:01,656 INFO o.a.j.t.JMeterThread: Thread started: API 1-35
2025-11-13 21:55:01,670 INFO o.a.j.t.JMeterThread: Thread is done: API 1-35
2025-11-13 21:55:01,670 INFO o.a.j.t.JMeterThread: Thread finished: API 1-35
2025-11-13 21:55:01,756 INFO o.a.j.t.JMeterThread: Thread started: API 1-36
2025-11-13 21:55:01,766 INFO o.a.j.t.JMeterThread: Thread is done: API 1-36
2025-11-13 21:55:01,766 INFO o.a.j.t.JMeterThread: Thread finished: API 1-36
2025-11-13 21:55:01,856 INFO o.a.j.t.JMeterThread: Thread started: API 1-37
2025-11-13 21:55:01,868 INFO o.a.j.t.JMeterThread: Thread is done: API 1-37
2025-11-13 21:55:01,869 INFO o.a.j.t.JMeterThread: Thread finished: API 1-37
2025-11-13 21:55:01,955 INFO o.a.j.t.JMeterThread: Thread started: API 1-38
2025-11-13 21:55:01,967 INFO o.a.j.t.JMeterThread: Thread is done: API 1-38
2025-11-13 21:55:01,967 INFO o.a.j.t.JMeterThread: Thread finished: API 1-38
2025-11-13 21:55:02,055 INFO o.a.j.t.JMeterThread: Thread started: API 1-39
2025-11-13 21:55:02,069 INFO o.a.j.t.JMeterThread: Thread is done: API 1-39
2025-11-13 21:55:02,069 INFO o.a.j.t.JMeterThread: Thread finished: API 1-39
2025-11-13 21:55:02,156 INFO o.a.j.t.JMeterThread: Thread started: API 1-40
2025-11-13 21:55:02,170 INFO o.a.j.t.JMeterThread: Thread is done: API 1-40
2025-11-13 21:55:02,170 INFO o.a.j.t.JMeterThread: Thread finished: API 1-40
2025-11-13 21:55:02,256 INFO o.a.j.t.JMeterThread: Thread started: API 1-41
2025-11-13 21:55:02,268 INFO o.a.j.t.JMeterThread: Thread is done: API 1-41
2025-11-13 21:55:02,268 INFO o.a.j.t.JMeterThread: Thread finished: API 1-41
2025-11-13 21:55:02,354 INFO o.a.j.t.JMeterThread: Thread started: API 1-42
2025-11-13 21:55:02,366 INFO o.a.j.t.JMeterThread: Thread is done: API 1-42
2025-11-13 21:55:02,367 INFO o.a.j.t.JMeterThread: Thread finished: API 1-42
2025-11-13 21:55:02,456 INFO o.a.j.t.JMeterThread: Thread started: API 1-43
2025-11-13 21:55:02,468 INFO o.a.j.t.JMeterThread: Thread is done: API 1-43
2025-11-13 21:55:02,468 INFO o.a.j.t.JMeterThread: Thread finished: API 1-43
2025-11-13 21:55:02,556 INFO o.a.j.t.JMeterThread: Thread started: API 1-44
2025-11-13 21:55:02,568 INFO o.a.j.t.JMeterThread: Thread is done: API 1-44
2025-11-13 21:55:02,568 INFO o.a.j.t.JMeterThread: Thread finished: API 1-44
2025-11-13 21:55:02,657 INFO o.a.j.t.JMeterThread: Thread started: API 1-45
2025-11-13 21:55:02,667 INFO o.a.j.t.JMeterThread: Thread is done: API 1-45
2025-11-13 21:55:02,667 INFO o.a.j.t.JMeterThread: Thread finished: API 1-45
2025-11-13 21:55:02,756 INFO o.a.j.t.JMeterThread: Thread started: API 1-46
2025-11-13 21:55:02,767 INFO o.a.j.t.JMeterThread: Thread is done: API 1-46
2025-11-13 21:55:02,767 INFO o.a.j.t.JMeterThread: Thread finished: API 1-46
2025-11-13 21:55:02,856 INFO o.a.j.t.JMeterThread: Thread started: API 1-47
2025-11-13 21:55:02,869 INFO o.a.j.t.JMeterThread: Thread is done: API 1-47
2025-11-13 21:55:02,869 INFO o.a.j.t.JMeterThread: Thread finished: API 1-47
2025-11-13 21:55:02,955 INFO o.a.j.t.JMeterThread: Thread started: API 1-48
2025-11-13 21:55:02,964 INFO o.a.j.t.JMeterThread: Thread is done: API 1-48
2025-11-13 21:55:02,964 INFO o.a.j.t.JMeterThread: Thread finished: API 1-48
2025-11-13 21:55:03,054 INFO o.a.j.t.JMeterThread: Thread started: API 1-49
2025-11-13 21:55:03,070 INFO o.a.j.t.JMeterThread: Thread is done: API 1-49
2025-11-13 21:55:03,070 INFO o.a.j.t.JMeterThread: Thread finished: API 1-49
2025-11-13 21:55:03,156 INFO o.a.j.t.JMeterThread: Thread started: API 1-50
2025-11-13 21:55:03,166 INFO o.a.j.t.JMeterThread: Thread is done: API 1-50
2025-11-13 21:55:03,166 INFO o.a.j.t.JMeterThread: Thread finished: API 1-50
2025-11-13 21:55:03,257 INFO o.a.j.t.JMeterThread: Thread started: API 1-51
2025-11-13 21:55:03,269 INFO o.a.j.t.JMeterThread: Thread is done: API 1-51
2025-11-13 21:55:03,269 INFO o.a.j.t.JMeterThread: Thread finished: API 1-51
2025-11-13 21:55:03,355 INFO o.a.j.t.JMeterThread: Thread started: API 1-52
2025-11-13 21:55:03,368 INFO o.a.j.t.JMeterThread: Thread is done: API 1-52
2025-11-13 21:55:03,368 INFO o.a.j.t.JMeterThread: Thread finished: API 1-52
2025-11-13 21:55:03,454 INFO o.a.j.t.JMeterThread: Thread started: API 1-53
2025-11-13 21:55:03,465 INFO o.a.j.t.JMeterThread: Thread is done: API 1-53
2025-11-13 21:55:03,465 INFO o.a.j.t.JMeterThread: Thread finished: API 1-53
2025-11-13 21:55:03,555 INFO o.a.j.t.JMeterThread: Thread started: API 1-54
2025-11-13 21:55:03,565 INFO o.a.j.t.JMeterThread: Thread is done: API 1-54
2025-11-13 21:55:03,565 INFO o.a.j.t.JMeterThread: Thread finished: API 1-54
2025-11-13 21:55:03,655 INFO o.a.j.t.JMeterThread: Thread started: API 1-55
2025-11-13 21:55:03,666 INFO o.a.j.t.JMeterThread: Thread is done: API 1-55
2025-11-13 21:55:03,666 INFO o.a.j.t.JMeterThread: Thread finished: API 1-55
2025-11-13 21:55:03,756 INFO o.a.j.t.JMeterThread: Thread started: API 1-56
2025-11-13 21:55:03,771 INFO o.a.j.t.JMeterThread: Thread is done: API 1-56
2025-11-13 21:55:03,771 INFO o.a.j.t.JMeterThread: Thread finished: API 1-56
2025-11-13 21:55:03,855 INFO o.a.j.t.JMeterThread: Thread started: API 1-57
2025-11-13 21:55:03,867 INFO o.a.j.t.JMeterThread: Thread is done: API 1-57
2025-11-13 21:55:03,867 INFO o.a.j.t.JMeterThread: Thread finished: API 1-57
2025-11-13 21:55:03,955 INFO o.a.j.t.JMeterThread: Thread started: API 1-58
2025-11-13 21:55:03,967 INFO o.a.j.t.JMeterThread: Thread is done: API 1-58
2025-11-13 21:55:03,968 INFO o.a.j.t.JMeterThread: Thread finished: API 1-58
2025-11-13 21:55:04,054 INFO o.a.j.t.JMeterThread: Thread started: API 1-59
2025-11-13 21:55:04,066 INFO o.a.j.t.JMeterThread: Thread is done: API 1-59
2025-11-13 21:55:04,066 INFO o.a.j.t.JMeterThread: Thread finished: API 1-59
2025-11-13 21:55:04,155 INFO o.a.j.t.JMeterThread: Thread started: API 1-60
2025-11-13 21:55:04,165 INFO o.a.j.t.JMeterThread: Thread is done: API 1-60
2025-11-13 21:55:04,165 INFO o.a.j.t.JMeterThread: Thread finished: API 1-60
2025-11-13 21:55:04,259 INFO o.a.j.t.JMeterThread: Thread started: API 1-61
2025-11-13 21:55:04,267 INFO o.a.j.t.JMeterThread: Thread is done: API 1-61
2025-11-13 21:55:04,267 INFO o.a.j.t.JMeterThread: Thread finished: API 1-61
2025-11-13 21:55:04,357 INFO o.a.j.t.JMeterThread: Thread started: API 1-62
2025-11-13 21:55:04,381 INFO o.a.j.t.JMeterThread: Thread is done: API 1-62
2025-11-13 21:55:04,381 INFO o.a.j.t.JMeterThread: Thread finished: API 1-62
2025-11-13 21:55:04,458 INFO o.a.j.t.JMeterThread: Thread started: API 1-63
2025-11-13 21:55:04,471 INFO o.a.j.t.JMeterThread: Thread is done: API 1-63
2025-11-13 21:55:04,472 INFO o.a.j.t.JMeterThread: Thread finished: API 1-63
2025-11-13 21:55:04,555 INFO o.a.j.t.JMeterThread: Thread started: API 1-64
2025-11-13 21:55:04,569 INFO o.a.j.t.JMeterThread: Thread is done: API 1-64
2025-11-13 21:55:04,569 INFO o.a.j.t.JMeterThread: Thread finished: API 1-64
2025-11-13 21:55:04,654 INFO o.a.j.t.JMeterThread: Thread started: API 1-65
2025-11-13 21:55:04,683 INFO o.a.j.t.JMeterThread: Thread is done: API 1-65
2025-11-13 21:55:04,684 INFO o.a.j.t.JMeterThread: Thread finished: API 1-65
2025-11-13 21:55:04,754 INFO o.a.j.t.JMeterThread: Thread started: API 1-66
2025-11-13 21:55:04,784 INFO o.a.j.t.JMeterThread: Thread is done: API 1-66
2025-11-13 21:55:04,784 INFO o.a.j.t.JMeterThread: Thread finished: API 1-66
2025-11-13 21:55:04,855 INFO o.a.j.t.JMeterThread: Thread started: API 1-67
2025-11-13 21:55:04,861 INFO o.a.j.t.JMeterThread: Thread is done: API 1-67
2025-11-13 21:55:04,861 INFO o.a.j.t.JMeterThread: Thread finished: API 1-67
2025-11-13 21:55:04,955 INFO o.a.j.t.JMeterThread: Thread started: API 1-68
2025-11-13 21:55:04,966 INFO o.a.j.t.JMeterThread: Thread is done: API 1-68
2025-11-13 21:55:04,967 INFO o.a.j.t.JMeterThread: Thread finished: API 1-68
2025-11-13 21:55:05,054 INFO o.a.j.t.JMeterThread: Thread started: API 1-69
2025-11-13 21:55:05,064 INFO o.a.j.t.JMeterThread: Thread is done: API 1-69
2025-11-13 21:55:05,064 INFO o.a.j.t.JMeterThread: Thread finished: API 1-69
2025-11-13 21:55:05,155 INFO o.a.j.t.JMeterThread: Thread started: API 1-70
2025-11-13 21:55:05,168 INFO o.a.j.t.JMeterThread: Thread is done: API 1-70
2025-11-13 21:55:05,168 INFO o.a.j.t.JMeterThread: Thread finished: API 1-70
2025-11-13 21:55:05,255 INFO o.a.j.t.JMeterThread: Thread started: API 1-71
2025-11-13 21:55:05,267 INFO o.a.j.t.JMeterThread: Thread is done: API 1-71
2025-11-13 21:55:05,268 INFO o.a.j.t.JMeterThread: Thread finished: API 1-71
2025-11-13 21:55:05,355 INFO o.a.j.t.JMeterThread: Thread started: API 1-72
2025-11-13 21:55:05,368 INFO o.a.j.t.JMeterThread: Thread is done: API 1-72
2025-11-13 21:55:05,368 INFO o.a.j.t.JMeterThread: Thread finished: API 1-72
2025-11-13 21:55:05,455 INFO o.a.j.t.JMeterThread: Thread started: API 1-73
2025-11-13 21:55:05,466 INFO o.a.j.t.JMeterThread: Thread is done: API 1-73
2025-11-13 21:55:05,466 INFO o.a.j.t.JMeterThread: Thread finished: API 1-73
2025-11-13 21:55:05,554 INFO o.a.j.t.JMeterThread: Thread started: API 1-74
2025-11-13 21:55:05,566 INFO o.a.j.t.JMeterThread: Thread is done: API 1-74
2025-11-13 21:55:05,566 INFO o.a.j.t.JMeterThread: Thread finished: API 1-74
2025-11-13 21:55:05,655 INFO o.a.j.t.JMeterThread: Thread started: API 1-75
2025-11-13 21:55:05,668 INFO o.a.j.t.JMeterThread: Thread is done: API 1-75
2025-11-13 21:55:05,668 INFO o.a.j.t.JMeterThread: Thread finished: API 1-75
2025-11-13 21:55:05,755 INFO o.a.j.t.JMeterThread: Thread started: API 1-76
2025-11-13 21:55:05,766 INFO o.a.j.t.JMeterThread: Thread is done: API 1-76
2025-11-13 21:55:05,766 INFO o.a.j.t.JMeterThread: Thread finished: API 1-76
2025-11-13 21:55:05,856 INFO o.a.j.t.JMeterThread: Thread started: API 1-77
2025-11-13 21:55:05,867 INFO o.a.j.t.JMeterThread: Thread is done: API 1-77
2025-11-13 21:55:05,867 INFO o.a.j.t.JMeterThread: Thread finished: API 1-77
2025-11-13 21:55:05,956 INFO o.a.j.t.JMeterThread: Thread started: API 1-78
2025-11-13 21:55:05,967 INFO o.a.j.t.JMeterThread: Thread is done: API 1-78
2025-11-13 21:55:05,967 INFO o.a.j.t.JMeterThread: Thread finished: API 1-78
2025-11-13 21:55:06,054 INFO o.a.j.t.JMeterThread: Thread started: API 1-79
2025-11-13 21:55:06,064 INFO o.a.j.t.JMeterThread: Thread is done: API 1-79
2025-11-13 21:55:06,064 INFO o.a.j.t.JMeterThread: Thread finished: API 1-79
2025-11-13 21:55:06,155 INFO o.a.j.t.JMeterThread: Thread started: API 1-80
2025-11-13 21:55:06,167 INFO o.a.j.t.JMeterThread: Thread is done: API 1-80
2025-11-13 21:55:06,167 INFO o.a.j.t.JMeterThread: Thread finished: API 1-80
2025-11-13 21:55:06,256 INFO o.a.j.t.JMeterThread: Thread started: API 1-81
2025-11-13 21:55:06,269 INFO o.a.j.t.JMeterThread: Thread is done: API 1-81
2025-11-13 21:55:06,269 INFO o.a.j.t.JMeterThread: Thread finished: API 1-81
2025-11-13 21:55:06,354 INFO o.a.j.t.JMeterThread: Thread started: API 1-82
2025-11-13 21:55:06,373 INFO o.a.j.t.JMeterThread: Thread is done: API 1-82
2025-11-13 21:55:06,373 INFO o.a.j.t.JMeterThread: Thread finished: API 1-82
2025-11-13 21:55:06,454 INFO o.a.j.t.JMeterThread: Thread started: API 1-83
2025-11-13 21:55:06,464 INFO o.a.j.t.JMeterThread: Thread is done: API 1-83
2025-11-13 21:55:06,465 INFO o.a.j.t.JMeterThread: Thread finished: API 1-83
2025-11-13 21:55:06,556 INFO o.a.j.t.JMeterThread: Thread started: API 1-84
2025-11-13 21:55:06,568 INFO o.a.j.t.JMeterThread: Thread is done: API 1-84
2025-11-13 21:55:06,569 INFO o.a.j.t.JMeterThread: Thread finished: API 1-84
2025-11-13 21:55:06,654 INFO o.a.j.t.JMeterThread: Thread started: API 1-85
2025-11-13 21:55:06,666 INFO o.a.j.t.JMeterThread: Thread is done: API 1-85
2025-11-13 21:55:06,666 INFO o.a.j.t.JMeterThread: Thread finished: API 1-85
2025-11-13 21:55:06,755 INFO o.a.j.t.JMeterThread: Thread started: API 1-86
2025-11-13 21:55:06,771 INFO o.a.j.t.JMeterThread: Thread is done: API 1-86
2025-11-13 21:55:06,771 INFO o.a.j.t.JMeterThread: Thread finished: API 1-86
2025-11-13 21:55:06,856 INFO o.a.j.t.JMeterThread: Thread started: API 1-87
2025-11-13 21:55:06,868 INFO o.a.j.t.JMeterThread: Thread is done: API 1-87
2025-11-13 21:55:06,868 INFO o.a.j.t.JMeterThread: Thread finished: API 1-87
2025-11-13 21:55:06,957 INFO o.a.j.t.JMeterThread: Thread started: API 1-88
2025-11-13 21:55:06,968 INFO o.a.j.t.JMeterThread: Thread is done: API 1-88
2025-11-13 21:55:06,968 INFO o.a.j.t.JMeterThread: Thread finished: API 1-88
2025-11-13 21:55:07,057 INFO o.a.j.t.JMeterThread: Thread started: API 1-89
2025-11-13 21:55:07,079 INFO o.a.j.t.JMeterThread: Thread is done: API 1-89
2025-11-13 21:55:07,079 INFO o.a.j.t.JMeterThread: Thread finished: API 1-89
2025-11-13 21:55:07,154 INFO o.a.j.t.JMeterThread: Thread started: API 1-90
2025-11-13 21:55:07,170 INFO o.a.j.t.JMeterThread: Thread is done: API 1-90
2025-11-13 21:55:07,170 INFO o.a.j.t.JMeterThread: Thread finished: API 1-90
2025-11-13 21:55:07,256 INFO o.a.j.t.JMeterThread: Thread started: API 1-91
2025-11-13 21:55:07,268 INFO o.a.j.t.JMeterThread: Thread is done: API 1-91
2025-11-13 21:55:07,269 INFO o.a.j.t.JMeterThread: Thread finished: API 1-91
2025-11-13 21:55:07,355 INFO o.a.j.t.JMeterThread: Thread started: API 1-92
2025-11-13 21:55:07,364 INFO o.a.j.t.JMeterThread: Thread is done: API 1-92
2025-11-13 21:55:07,365 INFO o.a.j.t.JMeterThread: Thread finished: API 1-92
2025-11-13 21:55:07,454 INFO o.a.j.t.JMeterThread: Thread started: API 1-93
2025-11-13 21:55:07,464 INFO o.a.j.t.JMeterThread: Thread is done: API 1-93
2025-11-13 21:55:07,464 INFO o.a.j.t.JMeterThread: Thread finished: API 1-93
2025-11-13 21:55:07,556 INFO o.a.j.t.JMeterThread: Thread started: API 1-94
2025-11-13 21:55:07,566 INFO o.a.j.t.JMeterThread: Thread is done: API 1-94
2025-11-13 21:55:07,566 INFO o.a.j.t.JMeterThread: Thread finished: API 1-94
2025-11-13 21:55:07,655 INFO o.a.j.t.JMeterThread: Thread started: API 1-95
2025-11-13 21:55:07,664 INFO o.a.j.t.JMeterThread: Thread is done: API 1-95
2025-11-13 21:55:07,664 INFO o.a.j.t.JMeterThread: Thread finished: API 1-95
2025-11-13 21:55:07,756 INFO o.a.j.t.JMeterThread: Thread started: API 1-96
2025-11-13 21:55:07,768 INFO o.a.j.t.JMeterThread: Thread is done: API 1-96
2025-11-13 21:55:07,768 INFO o.a.j.t.JMeterThread: Thread finished: API 1-96
2025-11-13 21:55:07,857 INFO o.a.j.t.JMeterThread: Thread started: API 1-97
2025-11-13 21:55:07,870 INFO o.a.j.t.JMeterThread: Thread is done: API 1-97
2025-11-13 21:55:07,870 INFO o.a.j.t.JMeterThread: Thread finished: API 1-97
2025-11-13 21:55:07,955 INFO o.a.j.t.JMeterThread: Thread started: API 1-98
2025-11-13 21:55:07,964 INFO o.a.j.t.JMeterThread: Thread is done: API 1-98
2025-11-13 21:55:07,965 INFO o.a.j.t.JMeterThread: Thread finished: API 1-98
2025-11-13 21:55:08,055 INFO o.a.j.t.JMeterThread: Thread started: API 1-99
2025-11-13 21:55:08,067 INFO o.a.j.t.JMeterThread: Thread is done: API 1-99
2025-11-13 21:55:08,068 INFO o.a.j.t.JMeterThread: Thread finished: API 1-99
2025-11-13 21:55:08,157 INFO o.a.j.t.JMeterThread: Thread started: API 1-100
2025-11-13 21:55:08,167 INFO o.a.j.t.JMeterThread: Thread is done: API 1-100
2025-11-13 21:55:08,167 INFO o.a.j.t.JMeterThread: Thread finished: API 1-100
2025-11-13 21:55:08,168 INFO o.a.j.e.StandardJMeterEngine: Notifying test listeners of end of test
2025-11-13 21:55:08,170 INFO o.a.j.r.Summariser: summary +     81 in 00:00:08 =   10.0/s Avg:     8 Min:     4 Max:    28 Err:     0 (0.00%) Active: 0 Started: 100 Finished: 100
2025-11-13 21:55:08,171 INFO o.a.j.r.Summariser: summary =    100 in 00:00:10 =   10.1/s Avg:     9 Min:     4 Max:    54 Err:     0 (0.00%)
2025-11-13 21:55:08,172 INFO o.a.j.JMeter: Generating Dashboard
2025-11-13 21:55:08,172 INFO o.a.j.r.d.ReportGenerator: Flushing result collector before report Generation
2025-11-13 21:55:08,182 INFO o.a.j.r.p.NormalizerSampleConsumer: Using format, 'ms', to parse timeStamp field
2025-11-13 21:55:08,328 INFO o.a.j.r.p.AbstractSampleConsumer: class org.apache.jmeter.report.processor.AggregateConsumer#stopProducing(): beginDate produced 0 samples
2025-11-13 21:55:08,328 INFO o.a.j.r.p.AbstractSampleConsumer: class org.apache.jmeter.report.processor.AggregateConsumer#stopProducing(): endDate produced 0 samples
2025-11-13 21:55:08,332 INFO o.a.j.r.p.AbstractSampleConsumer: class org.apache.jmeter.report.processor.ApdexSummaryConsumer#stopProducing(): apdexSummary produced 0 samples
2025-11-13 21:55:08,332 INFO o.a.j.r.p.AbstractSampleConsumer: class org.apache.jmeter.report.processor.RequestsSummaryConsumer#stopProducing(): requestsSummary produced 0 samples
2025-11-13 21:55:08,342 INFO o.a.j.r.p.AbstractSampleConsumer: class org.apache.jmeter.report.processor.StatisticsSummaryConsumer#stopProducing(): statisticsSummary produced 0 samples
2025-11-13 21:55:08,344 INFO o.a.j.r.p.AbstractSampleConsumer: class org.apache.jmeter.report.processor.Top5ErrorsBySamplerConsumer#stopProducing(): top5ErrorsBySampler produced 0 samples
2025-11-13 21:55:08,344 INFO o.a.j.r.p.AbstractSampleConsumer: class org.apache.jmeter.report.processor.ErrorsSummaryConsumer#stopProducing(): errorsSummary produced 0 samples
2025-11-13 21:55:08,344 INFO o.a.j.r.p.AbstractSampleConsumer: class org.apache.jmeter.report.processor.graph.impl.HitsPerSecondGraphConsumer#stopProducing(): hitsPerSecond produced 0 samples
2025-11-13 21:55:08,369 INFO o.a.j.r.p.AbstractSampleConsumer: class org.apache.jmeter.report.processor.graph.impl.LatencyVSRequestGraphConsumer#stopProducing(): latencyVsRequest produced 0 samples
2025-11-13 21:55:08,370 INFO o.a.j.r.p.AbstractSampleConsumer: class org.apache.jmeter.report.processor.graph.impl.SyntheticResponseTimeDistributionGraphConsumer#stopProducing(): syntheticResponseTimeDistribution produced 0 samples
2025-11-13 21:55:08,370 INFO o.a.j.r.p.AbstractSampleConsumer: class org.apache.jmeter.report.processor.graph.impl.BytesThroughputGraphConsumer#stopProducing(): bytesThroughputOverTime produced 0 samples
2025-11-13 21:55:08,370 INFO o.a.j.r.p.AbstractSampleConsumer: class org.apache.jmeter.report.processor.graph.impl.CodesPerSecondGraphConsumer#stopProducing(): codesPerSecond produced 0 samples
2025-11-13 21:55:08,377 INFO o.a.j.r.p.AbstractSampleConsumer: class org.apache.jmeter.report.processor.graph.impl.ResponseTimeVSRequestGraphConsumer#stopProducing(): responseTimeVsRequest produced 0 samples
2025-11-13 21:55:08,378 INFO o.a.j.r.p.AbstractSampleConsumer: class org.apache.jmeter.report.processor.FilterConsumer#stopProducing(): startIntervalControlerFilter produced 700 samples
2025-11-13 21:55:08,378 INFO o.a.j.r.p.AbstractSampleConsumer: class org.apache.jmeter.report.processor.graph.impl.TotalTPSGraphConsumer#stopProducing(): totalTPS produced 0 samples
2025-11-13 21:55:08,378 INFO o.a.j.r.p.AbstractSampleConsumer: class org.apache.jmeter.report.processor.graph.impl.ActiveThreadsGraphConsumer#stopProducing(): activeThreadsOverTime produced 0 samples
2025-11-13 21:55:08,378 INFO o.a.j.r.p.AbstractSampleConsumer: class org.apache.jmeter.report.processor.graph.impl.TimeVSThreadGraphConsumer#stopProducing(): timeVsThreads produced 0 samples
2025-11-13 21:55:08,378 INFO o.a.j.r.p.AbstractSampleConsumer: class org.apache.jmeter.report.processor.graph.impl.ResponseTimeDistributionGraphConsumer#stopProducing(): responseTimeDistribution produced 0 samples
2025-11-13 21:55:08,379 INFO o.a.j.r.p.AbstractSampleConsumer: class org.apache.jmeter.report.processor.graph.impl.TransactionsPerSecondGraphConsumer#stopProducing(): transactionsPerSecond produced 0 samples
2025-11-13 21:55:08,379 INFO o.a.j.r.p.AbstractSampleConsumer: class org.apache.jmeter.report.processor.graph.impl.ResponseTimePercentilesGraphConsumer#stopProducing(): responseTimePercentiles produced 0 samples
2025-11-13 21:55:08,380 INFO o.a.j.r.p.AbstractSampleConsumer: class org.apache.jmeter.report.processor.graph.impl.ResponseTimePercentilesOverTimeGraphConsumer#stopProducing(): responseTimePercentilesOverTime produced 0 samples
2025-11-13 21:55:08,380 INFO o.a.j.r.p.AbstractSampleConsumer: class org.apache.jmeter.report.processor.graph.impl.ResponseTimeOverTimeGraphConsumer#stopProducing(): responseTimesOverTime produced 0 samples
2025-11-13 21:55:08,380 INFO o.a.j.r.p.AbstractSampleConsumer: class org.apache.jmeter.report.processor.graph.impl.ConnectTimeOverTimeGraphConsumer#stopProducing(): connectTimeOverTime produced 0 samples
2025-11-13 21:55:08,380 INFO o.a.j.r.p.AbstractSampleConsumer: class org.apache.jmeter.report.processor.graph.impl.LatencyOverTimeGraphConsumer#stopProducing(): latenciesOverTime produced 0 samples
2025-11-13 21:55:08,380 INFO o.a.j.r.p.AbstractSampleConsumer: class org.apache.jmeter.report.processor.FilterConsumer#stopProducing(): nameFilter produced 1500 samples
2025-11-13 21:55:08,380 INFO o.a.j.r.p.AbstractSampleConsumer: class org.apache.jmeter.report.processor.FilterConsumer#stopProducing(): dateRangeFilter produced 300 samples
2025-11-13 21:55:08,380 INFO o.a.j.r.p.AbstractSampleConsumer: class org.apache.jmeter.report.processor.NormalizerSampleConsumer#stopProducing(): normalizer produced 100 samples
2025-11-13 21:55:08,381 INFO o.a.j.r.p.CsvFileSampleSource: produce(): 100 samples produced in 152ms on channel 0
2025-11-13 21:55:08,381 INFO o.a.j.r.d.ReportGenerator: Exporting data using exporter:'json' of className:'org.apache.jmeter.report.dashboard.JsonExporter'
2025-11-13 21:55:08,500 INFO o.a.j.r.d.JsonExporter: Found data for consumer statisticsSummary in context
2025-11-13 21:55:08,500 INFO o.a.j.r.d.JsonExporter: Creating statistics for overall
2025-11-13 21:55:08,501 INFO o.a.j.r.d.JsonExporter: Creating statistics for other transactions
2025-11-13 21:55:08,502 INFO o.a.j.r.d.JsonExporter: Checking output folder
2025-11-13 21:55:08,503 INFO o.a.j.r.d.JsonExporter: Writing statistics JSON to C:\Users\labunivas\Desktop\Esse\teste-software-univas\backend\tests\jmeter\reports\smoke\statistics.json
2025-11-13 21:55:08,558 INFO o.a.j.r.d.ReportGenerator: Exporting data using exporter:'html' of className:'org.apache.jmeter.report.dashboard.HtmlTemplateExporter'
2025-11-13 21:55:08,560 INFO o.a.j.r.d.HtmlTemplateExporter: Will generate dashboard in folder: C:\Users\labunivas\Desktop\Esse\teste-software-univas\backend\tests\jmeter\reports\smoke
2025-11-13 21:55:08,681 INFO o.a.j.r.d.HtmlTemplateExporter: Report will be generated in: C:\Users\labunivas\Desktop\Esse\teste-software-univas\backend\tests\jmeter\reports\smoke, creating folder structure
2025-11-13 21:55:08,687 INFO o.a.j.r.d.TemplateVisitor: Copying folder from 'C:\Tools\apache-jmeter-5.6.3\bin\report-template' to 'C:\Users\labunivas\Desktop\Esse\teste-software-univas\backend\tests\jmeter\reports\smoke', got message: C:\Users\labunivas\Desktop\Esse\teste-software-univas\backend\tests\jmeter\reports\smoke, found non empty folder with following content [C:\Users\labunivas\Desktop\Esse\teste-software-univas\backend\tests\jmeter\reports\smoke\statistics.json], will be ignored
2025-11-13 21:55:09,195 INFO o.a.j.JMeter: Dashboard generated
